<?xml version="1.0" encoding="UTF-8"?>
<testng-results total="1" passed="1" failed="0" skipped="0">
  <reporter-output>
  </reporter-output>
  <suite started-at="2025-09-22T08:01:48Z" name="Default suite" finished-at="2025-09-22T08:02:13Z" duration-ms="25550">
    <groups>
    </groups>
    <test started-at="2025-09-22T08:01:48Z" name="Default test" finished-at="2025-09-22T08:02:13Z" duration-ms="25550">
      <class name="TestCases.DemoLoginTest">
        <test-method signature="HtTest()[pri:0, instance:TestCases.DemoLoginTest@350aac89]" started-at="2025-09-22T13:31:48Z" name="HtTest" finished-at="2025-09-22T13:32:13Z" duration-ms="25544" status="PASS">
          <reporter-output>
          </reporter-output>
        </test-method> <!-- HtTest -->
      </class> <!-- TestCases.DemoLoginTest -->
    </test> <!-- Default test -->
  </suite> <!-- Default suite -->
</testng-results>
