<?xml version="1.0" encoding="UTF-8"?>
<testng-results total="1" passed="1" failed="0" skipped="0">
  <reporter-output>
  </reporter-output>
  <suite started-at="2025-09-22T07:53:10Z" name="Default suite" finished-at="2025-09-22T07:53:23Z" duration-ms="12328">
    <groups>
    </groups>
    <test started-at="2025-09-22T07:53:10Z" name="Default test" finished-at="2025-09-22T07:53:23Z" duration-ms="12328">
      <class name="TestCases.DemoLoginTest">
        <test-method signature="login()[pri:0, instance:TestCases.DemoLoginTest@75437611]" started-at="2025-09-22T13:23:10Z" name="login" finished-at="2025-09-22T13:23:23Z" duration-ms="12321" status="PASS">
          <reporter-output>
          </reporter-output>
        </test-method> <!-- login -->
      </class> <!-- TestCases.DemoLoginTest -->
    </test> <!-- Default test -->
  </suite> <!-- Default suite -->
</testng-results>
